[ERROR] 18:36:43:165 tp0/(3215:3215): No se pudo conectar al servidor
[ERROR] 18:38:37:341 tp0/(3278:3278): No se pudo conectar al servidor
[INFO] 18:41:37:309 tp0/(3366:3366): Conectado!
[ERROR] 18:41:37:310 tp0/(3366:3366): No se pudo recibir hola
[ERROR] 20:30:27:209 tp0/(3607:3607): No se pudo conectar al servidor
[ERROR] 20:55:49:766 tp0/(3052:3052): No se pudo conectar al servidor
[ERROR] 20:58:06:565 tp0/(3219:3219): No se pudo conectar al servidor
[ERROR] 21:00:08:35 tp0/(3308:3308): No se pudo conectar al servidor
[ERROR] 21:01:02:179 tp0/(3454:3454): No se pudo conectar al servidor
[ERROR] 21:03:30:915 tp0/(3660:3660): No se pudo conectar al servidor
[ERROR] 21:03:59:76 tp0/(3694:3694): No se pudo conectar al servidor
[INFO] 10:51:57:227 tp0/(3854:3854): Conectado!
[ERROR] 10:51:57:773 tp0/(3854:3854): No se pudo recibir hola
[INFO] 10:55:59:851 tp0/(4062:4062): Conectado!
[ERROR] 10:55:59:982 tp0/(4062:4062): No se pudo recibir hola, es diferente
[INFO] 10:56:34:195 tp0/(4108:4108): Conectado!
[INFO] 10:56:34:373 tp0/(4108:4108): Mensaje de hola recibido: 'SYSTEM UTNSO 0.1'
[INFO] 10:56:54:698 tp0/(4108:4108): Enviando info de Estudiante
[INFO] 10:56:54:698 tp0/(4108:4108): Mensaje de hola enviado
[INFO] 10:56:54:698 tp0/(4108:4108): Esperando el encabezado del contenido(8 bytes)
[INFO] 10:56:54:698 tp0/(4108:4108): Esperando el contenido (875903542 bytes)
[ERROR] 10:56:54:699 tp0/(4108:4108): No se pudo recibir el encabezado del contenido
[INFO] 11:01:08:444 tp0/(4177:4177): Conectado!
[INFO] 11:01:08:839 tp0/(4177:4177): Mensaje de hola recibido: 'SYSTEM UTNSO 0.1'
[INFO] 11:01:31:322 tp0/(4177:4177): Enviando info de Estudiante
[INFO] 11:01:31:322 tp0/(4177:4177): Mensaje de hola enviado
[INFO] 11:01:31:323 tp0/(4177:4177): Esperando el encabezado del contenido(8 bytes)
[ERROR] 11:01:31:323 tp0/(4177:4177): No se pudo recibir el encabezado del contenido
[INFO] 11:02:11:842 tp0/(4238:4238): Conectado!
[INFO] 11:02:11:976 tp0/(4238:4238): Mensaje de hola recibido: 'SYSTEM UTNSO 0.1'
[INFO] 11:02:18:287 tp0/(4238:4238): Enviando info de Estudiante
[INFO] 11:02:18:287 tp0/(4238:4238): Mensaje de hola enviado
[INFO] 11:02:18:287 tp0/(4238:4238): Esperando el encabezado del contenido(8 bytes)
[ERROR] 11:02:18:287 tp0/(4238:4238): No se pudo recibir el encabezado del contenido
[INFO] 11:03:19:584 tp0/(4275:4275): Conectado!
[INFO] 11:03:19:865 tp0/(4275:4275): Mensaje de hola recibido: 'SYSTEM UTNSO 0.1'
[INFO] 11:03:25:910 tp0/(4275:4275): Enviando info de Estudiante
[INFO] 11:03:25:910 tp0/(4275:4275): Mensaje de hola enviado
[INFO] 11:03:25:910 tp0/(4275:4275): Esperando el encabezado del contenido(8 bytes)
[INFO] 11:03:26:632 tp0/(4275:4275): Esperando el contenido (26 bytes)
[INFO] 11:03:26:633 tp0/(4275:4275): Contenido recibido 'Hola, probando! ----------'
[INFO] 11:03:26:633 tp0/(4275:4275): Enviando MD5
[INFO] 11:03:26:634 tp0/(4275:4275): Esperando confirmacion
[INFO] 11:03:27:35 tp0/(4275:4275): Los MD5 concidieron!
